
state 0
	$accept: .json $end 

	LS  shift 16
	LC  shift 15
	TRUE  shift 12
	FALSE  shift 13
	NULL  shift 14
	STRING  shift 10
	NUMBER  shift 11
	.  error

	true  goto 5
	false  goto 6
	value  goto 2
	number  goto 4
	null  goto 7
	str  goto 3
	object  goto 8
	array  goto 9
	json  goto 1

state 1
	$accept:  json.$end 

	$end  accept
	.  error


state 2
	json:  value.    (1)

	.  reduce 1 (src line 39)


state 3
	value:  str.    (2)

	.  reduce 2 (src line 45)


state 4
	value:  number.    (3)

	.  reduce 3 (src line 50)


state 5
	value:  true.    (4)

	.  reduce 4 (src line 54)


state 6
	value:  false.    (5)

	.  reduce 5 (src line 58)


state 7
	value:  null.    (6)

	.  reduce 6 (src line 62)


state 8
	value:  object.    (7)

	.  reduce 7 (src line 66)


state 9
	value:  array.    (8)

	.  reduce 8 (src line 70)


state 10
	str:  STRING.    (15)

	.  reduce 15 (src line 108)


state 11
	number:  NUMBER.    (16)

	.  reduce 16 (src line 114)


state 12
	true:  TRUE.    (17)

	.  reduce 17 (src line 120)


state 13
	false:  FALSE.    (18)

	.  reduce 18 (src line 126)


state 14
	null:  NULL.    (19)

	.  reduce 19 (src line 132)


state 15
	object:  LC.object_data RC 

	STRING  shift 18
	.  error

	object_data  goto 17

state 16
	array:  LS.array_data RS 

	LS  shift 16
	LC  shift 15
	TRUE  shift 12
	FALSE  shift 13
	NULL  shift 14
	STRING  shift 10
	NUMBER  shift 11
	.  error

	true  goto 5
	false  goto 6
	value  goto 20
	number  goto 4
	null  goto 7
	str  goto 3
	object  goto 8
	array  goto 9
	array_data  goto 19

state 17
	object:  LC object_data.RC 
	object_data:  object_data.COMMA STRING COLON value 

	COMMA  shift 22
	RC  shift 21
	.  error


state 18
	object_data:  STRING.COLON value 

	COLON  shift 23
	.  error


state 19
	array:  LS array_data.RS 
	array_data:  array_data.COMMA value 

	COMMA  shift 25
	RS  shift 24
	.  error


state 20
	array_data:  value.    (13)

	.  reduce 13 (src line 98)


state 21
	object:  LC object_data RC.    (9)

	.  reduce 9 (src line 75)


state 22
	object_data:  object_data COMMA.STRING COLON value 

	STRING  shift 26
	.  error


state 23
	object_data:  STRING COLON.value 

	LS  shift 16
	LC  shift 15
	TRUE  shift 12
	FALSE  shift 13
	NULL  shift 14
	STRING  shift 10
	NUMBER  shift 11
	.  error

	true  goto 5
	false  goto 6
	value  goto 27
	number  goto 4
	null  goto 7
	str  goto 3
	object  goto 8
	array  goto 9

state 24
	array:  LS array_data RS.    (12)

	.  reduce 12 (src line 92)


state 25
	array_data:  array_data COMMA.value 

	LS  shift 16
	LC  shift 15
	TRUE  shift 12
	FALSE  shift 13
	NULL  shift 14
	STRING  shift 10
	NUMBER  shift 11
	.  error

	true  goto 5
	false  goto 6
	value  goto 28
	number  goto 4
	null  goto 7
	str  goto 3
	object  goto 8
	array  goto 9

state 26
	object_data:  object_data COMMA STRING.COLON value 

	COLON  shift 29
	.  error


state 27
	object_data:  STRING COLON value.    (10)

	.  reduce 10 (src line 81)


state 28
	array_data:  array_data COMMA value.    (14)

	.  reduce 14 (src line 103)


state 29
	object_data:  object_data COMMA STRING COLON.value 

	LS  shift 16
	LC  shift 15
	TRUE  shift 12
	FALSE  shift 13
	NULL  shift 14
	STRING  shift 10
	NUMBER  shift 11
	.  error

	true  goto 5
	false  goto 6
	value  goto 30
	number  goto 4
	null  goto 7
	str  goto 3
	object  goto 8
	array  goto 9

state 30
	object_data:  object_data COMMA STRING COLON value.    (11)

	.  reduce 11 (src line 86)


14 terminals, 12 nonterminals
20 grammar rules, 31/16000 states
0 shift/reduce, 0 reduce/reduce conflicts reported
61 working sets used
memory: parser 47/240000
18 extra closures
43 shift entries, 1 exceptions
15 goto entries
28 entries saved by goto default
Optimizer space used: output 31/240000
31 table entries, 1 zero
maximum spread: 14, maximum offset: 29
